<?xml version="1.0" encoding="UTF-8"?>
<testng-results skipped="0" failed="0" ignored="0" total="1" passed="1">
  <reporter-output>
  </reporter-output>
  <suite name="Default suite" duration-ms="30983" started-at="2023-12-09T14:12:30Z" finished-at="2023-12-09T14:13:01Z">
    <groups>
    </groups>
    <test name="Default test" duration-ms="30983" started-at="2023-12-09T14:12:30Z" finished-at="2023-12-09T14:13:01Z">
      <class name="TestNG.ScreenShot">
        <test-method status="PASS" signature="m1()[pri:0, instance:TestNG.ScreenShot@7e0b0338]" name="m1" duration-ms="30952" started-at="2023-12-09T19:42:30Z" finished-at="2023-12-09T19:43:01Z">
          <reporter-output>
          </reporter-output>
        </test-method> <!-- m1 -->
      </class> <!-- TestNG.ScreenShot -->
    </test> <!-- Default test -->
  </suite> <!-- Default suite -->
</testng-results>
